timestamp: 2015-11-25T16:08:45.690110
CREATE TABLE auth_user(
    id INTEGER PRIMARY KEY AUTOINCREMENT,
    first_name CHAR(128),
    last_name CHAR(128),
    email CHAR(512),
    password CHAR(512),
    registration_key CHAR(512),
    reset_password_key CHAR(512),
    registration_id CHAR(512)
);
success!
timestamp: 2015-11-25T16:08:45.693938
CREATE TABLE auth_group(
    id INTEGER PRIMARY KEY AUTOINCREMENT,
    role CHAR(512),
    description TEXT
);
success!
timestamp: 2015-11-25T16:08:45.696966
CREATE TABLE auth_membership(
    id INTEGER PRIMARY KEY AUTOINCREMENT,
    user_id INTEGER REFERENCES auth_user (id) ON DELETE CASCADE  ,
    group_id INTEGER REFERENCES auth_group (id) ON DELETE CASCADE  
);
success!
timestamp: 2015-11-25T16:08:45.699057
CREATE TABLE auth_permission(
    id INTEGER PRIMARY KEY AUTOINCREMENT,
    group_id INTEGER REFERENCES auth_group (id) ON DELETE CASCADE  ,
    name CHAR(512),
    table_name CHAR(512),
    record_id INTEGER
);
success!
timestamp: 2015-11-25T16:08:45.701250
CREATE TABLE auth_event(
    id INTEGER PRIMARY KEY AUTOINCREMENT,
    time_stamp TIMESTAMP,
    client_ip CHAR(512),
    user_id INTEGER REFERENCES auth_user (id) ON DELETE CASCADE  ,
    origin CHAR(512),
    description TEXT
);
success!
timestamp: 2015-11-25T16:08:45.703479
CREATE TABLE auth_cas(
    id INTEGER PRIMARY KEY AUTOINCREMENT,
    user_id INTEGER REFERENCES auth_user (id) ON DELETE CASCADE  ,
    created_on TIMESTAMP,
    service CHAR(512),
    ticket CHAR(512),
    renew CHAR(1)
);
success!
timestamp: 2015-11-25T16:08:45.706915
CREATE TABLE board(
    id INTEGER PRIMARY KEY AUTOINCREMENT,
    board_author INTEGER REFERENCES auth_user (id) ON DELETE CASCADE  ,
    board_title CHAR(512),
    board_id CHAR(512),
    created_on TIMESTAMP
);
success!
timestamp: 2015-11-25T16:08:45.708935
CREATE TABLE post(
    id INTEGER PRIMARY KEY AUTOINCREMENT,
    post_author INTEGER REFERENCES auth_user (id) ON DELETE CASCADE  ,
    post_parent CHAR(512),
    post_title CHAR(512),
    post_content TEXT,
    created_on TIMESTAMP,
    post_id CHAR(512)
);
success!
timestamp: 2015-12-08T15:41:17.946963
CREATE TABLE schedules(
    id INTEGER PRIMARY KEY AUTOINCREMENT,
    name CHAR(512),
    route CHAR(512),
    times TEXT
);
success!
success!
success!
success!
timestamp: 2015-12-09T13:41:45.976040
CREATE TABLE stops(
    id INTEGER PRIMARY KEY AUTOINCREMENT,
    stop_number INTEGER,
    name CHAR(512)
);
success!
